2024-03-22 20:53:33,722 INFO    MainThread:1640870 [wandb_setup.py:_flush():76] Current SDK version is 0.16.4
2024-03-22 20:53:33,722 INFO    MainThread:1640870 [wandb_setup.py:_flush():76] Configure stats pid to 1640870
2024-03-22 20:53:33,722 INFO    MainThread:1640870 [wandb_setup.py:_flush():76] Loading settings from /home/curie/.config/wandb/settings
2024-03-22 20:53:33,722 INFO    MainThread:1640870 [wandb_setup.py:_flush():76] Loading settings from /DATA1/bikash_dutta/CS/SP/A2/LibriMix/wandb/settings
2024-03-22 20:53:33,722 INFO    MainThread:1640870 [wandb_setup.py:_flush():76] Loading settings from environment variables: {}
2024-03-22 20:53:33,722 INFO    MainThread:1640870 [wandb_setup.py:_flush():76] Applying setup settings: {'_disable_service': False}
2024-03-22 20:53:33,722 INFO    MainThread:1640870 [wandb_setup.py:_flush():76] Inferring run settings from compute environment: {'program_relpath': 'test.py', 'program_abspath': '/DATA1/bikash_dutta/CS/SP/A2/LibriMix/test.py', 'program': '/DATA1/bikash_dutta/CS/SP/A2/LibriMix/test.py'}
2024-03-22 20:53:33,723 INFO    MainThread:1640870 [wandb_init.py:_log_setup():526] Logging user logs to /DATA1/bikash_dutta/CS/SP/A2/LibriMix/wandb/run-20240322_205333-v0w7cxr4/logs/debug.log
2024-03-22 20:53:33,723 INFO    MainThread:1640870 [wandb_init.py:_log_setup():527] Logging internal logs to /DATA1/bikash_dutta/CS/SP/A2/LibriMix/wandb/run-20240322_205333-v0w7cxr4/logs/debug-internal.log
2024-03-22 20:53:33,723 INFO    MainThread:1640870 [wandb_init.py:init():566] calling init triggers
2024-03-22 20:53:33,723 INFO    MainThread:1640870 [wandb_init.py:init():573] wandb.init called with sweep_config: {}
config: {}
2024-03-22 20:53:33,723 INFO    MainThread:1640870 [wandb_init.py:init():616] starting backend
2024-03-22 20:53:33,723 INFO    MainThread:1640870 [wandb_init.py:init():620] setting up manager
2024-03-22 20:53:33,725 INFO    MainThread:1640870 [backend.py:_multiprocessing_setup():105] multiprocessing start_methods=fork,spawn,forkserver, using: spawn
2024-03-22 20:53:33,726 INFO    MainThread:1640870 [wandb_init.py:init():628] backend started and connected
2024-03-22 20:53:33,729 INFO    MainThread:1640870 [wandb_init.py:init():720] updated telemetry
2024-03-22 20:53:33,734 INFO    MainThread:1640870 [wandb_init.py:init():753] communicating run to backend with 90.0 second timeout
2024-03-22 20:53:34,871 INFO    MainThread:1640870 [wandb_run.py:_on_init():2262] communicating current version
2024-03-22 20:53:37,648 INFO    MainThread:1640870 [wandb_run.py:_on_init():2271] got version response 
2024-03-22 20:53:37,648 INFO    MainThread:1640870 [wandb_init.py:init():804] starting run threads in backend
2024-03-22 20:53:39,343 INFO    MainThread:1640870 [wandb_run.py:_console_start():2241] atexit reg
2024-03-22 20:53:39,344 INFO    MainThread:1640870 [wandb_run.py:_redirect():2096] redirect: wrap_raw
2024-03-22 20:53:39,344 INFO    MainThread:1640870 [wandb_run.py:_redirect():2161] Wrapping output streams.
2024-03-22 20:53:39,344 INFO    MainThread:1640870 [wandb_run.py:_redirect():2186] Redirects installed.
2024-03-22 20:53:39,344 INFO    MainThread:1640870 [wandb_init.py:init():847] run started, returning control to user process
2024-03-22 20:53:45,981 ERROR   MainThread:1640870 [util.py:get_module():270] Error importing optional module soundfile
Traceback (most recent call last):
  File "/home/curie/miniconda3/envs/sb/lib/python3.10/site-packages/wandb/util.py", line 236, in import_module_lazy
    return sys.modules[name]
KeyError: 'soundfile'

During handling of the above exception, another exception occurred:

Traceback (most recent call last):
  File "/home/curie/miniconda3/envs/sb/lib/python3.10/site-packages/wandb/util.py", line 265, in get_module
    return import_module_lazy(name)
  File "/home/curie/miniconda3/envs/sb/lib/python3.10/site-packages/wandb/util.py", line 240, in import_module_lazy
    raise ModuleNotFoundError
ModuleNotFoundError
2024-03-22 20:53:57,663 WARNING MsgRouterThr:1640870 [router.py:message_loop():77] message_loop has been closed
